<?xml version="1.0" encoding="UTF-8"?>
<!-- Generated by org.testng.reporters.JUnitReportReporter -->
<testsuite hostname="DESKTOP-TCK0EI3" failures="0" tests="2" name="interview.Yatra" time="17.536" errors="0" timestamp="2022-10-10T22:42:32 IST" skipped="0">
  <testcase classname="interview.Yatra" name="wappalyzer1" time="11.217"/>
  <system-out/>
  <testcase classname="interview.Yatra" name="wappalyzer2" time="6.319"/>
  <system-out/>
</testsuite> <!-- interview.Yatra -->
