<?xml version="1.0" encoding="UTF-8"?>
<!-- Generated by org.testng.reporters.JUnitReportReporter -->
<testsuite hostname="DESKTOP-TCK0EI3" failures="0" tests="2" name="interview.Ebay" time="39.548" errors="0" timestamp="2022-09-25T16:52:32 IST" skipped="0">
  <testcase classname="interview.Ebay" name="ebay_Homepage" time="7.534"/>
  <system-out/>
  <testcase classname="interview.Ebay" name="search" time="32.014"/>
  <system-out/>
</testsuite> <!-- interview.Ebay -->
