<?xml version="1.0" encoding="UTF-8"?>
<!-- Generated by org.testng.reporters.JUnitReportReporter -->
<testsuite hostname="DESKTOP-TCK0EI3" failures="0" tests="6" name="pages.Darussalamschool" time="35.140" errors="0" timestamp="2022-10-09T11:55:34 IST" skipped="0">
  <testcase classname="pages.Darussalamschool" name="verification1" time="1.349"/>
  <system-out/>
  <testcase classname="pages.Darussalamschool" name="verification2" time="1.595"/>
  <system-out/>
  <testcase classname="pages.Darussalamschool" name="verification3" time="1.247"/>
  <system-out/>
  <testcase classname="pages.Darussalamschool" name="testing" time="6.961"/>
  <system-out/>
  <testcase classname="pages.Darussalamschool" name="testing2" time="21.374"/>
  <system-out/>
  <testcase classname="pages.Darussalamschool" name="testing3" time="2.614"/>
  <system-out/>
</testsuite> <!-- pages.Darussalamschool -->
